Initializing document watcher...
Document watcher initialized
/User/settings.json: Using EditorConfig core...
stevewwhite/rag-21857/rag/agent.py: {"tabSize":4,"indentSize":4,"insertSpaces":true,"cursorStyle":1,"lineNumbers":1}
stevewwhite/rag-21857/rag/agent.py: {"tabSize":4,"indentSize":4,"insertSpaces":true,"cursorStyle":1,"lineNumbers":1}
stevewwhite/rag-21857/rag/agent.py: {"tabSize":4,"indentSize":4,"insertSpaces":true,"cursorStyle":1,"lineNumbers":1}
stevewwhite/rag-21857/rag/agent.py: Using EditorConfig core...
stevewwhite/rag-21857/rag/agent.py: Using EditorConfig core...
stevewwhite/rag-21857/rag/agent.py: {"tabSize":4,"indentSize":4,"insertSpaces":true,"cursorStyle":1,"lineNumbers":1}
stevewwhite/rag-21857/rag/agent.py: {"tabSize":4,"indentSize":4,"insertSpaces":true,"cursorStyle":1,"lineNumbers":1}
stevewwhite/rag-21857/rag/agent.py: Using EditorConfig core...
stevewwhite/rag-21857/.env: {"tabSize":4,"indentSize":4,"insertSpaces":true,"cursorStyle":1,"lineNumbers":1}
stevewwhite/rag-21857/.env: {"tabSize":4,"indentSize":4,"insertSpaces":true,"cursorStyle":1,"lineNumbers":1}
stevewwhite/rag-21857/.env: {"tabSize":4,"indentSize":4,"insertSpaces":true,"cursorStyle":1,"lineNumbers":1}
stevewwhite/rag-21857/.env: {"tabSize":4,"indentSize":4,"insertSpaces":true,"cursorStyle":1,"lineNumbers":1}
stevewwhite/rag-21857/.env: Using EditorConfig core...
stevewwhite/rag-21857/.env: Using EditorConfig core...
stevewwhite/rag-21857/.env: {"tabSize":4,"indentSize":4,"insertSpaces":true,"cursorStyle":1,"lineNumbers":1}
stevewwhite/rag-21857/.env: {"tabSize":4,"indentSize":4,"insertSpaces":true,"cursorStyle":1,"lineNumbers":1}
stevewwhite/rag-21857/.env: Using EditorConfig core...
stevewwhite/rag-21857/.env: Using EditorConfig core...
stevewwhite/rag-21857/.env: {"tabSize":4,"indentSize":4,"insertSpaces":true,"cursorStyle":1,"lineNumbers":1}
stevewwhite/rag-21857/.env: {"tabSize":4,"indentSize":4,"insertSpaces":true,"cursorStyle":1,"lineNumbers":1}
stevewwhite/rag-21857/.env: Using EditorConfig core...
stevewwhite/rag-21857/.env: Using EditorConfig core...
stevewwhite/rag-21857/.env: {"tabSize":4,"indentSize":4,"insertSpaces":true,"cursorStyle":1,"lineNumbers":1}
stevewwhite/rag-21857/Makefile: {"tabSize":4,"indentSize":4,"insertSpaces":false,"cursorStyle":1,"lineNumbers":1}
stevewwhite/rag-21857/Makefile: {"tabSize":4,"indentSize":4,"insertSpaces":false,"cursorStyle":1,"lineNumbers":1}
stevewwhite/rag-21857/Makefile: {"tabSize":4,"indentSize":4,"insertSpaces":false,"cursorStyle":1,"lineNumbers":1}
stevewwhite/rag-21857/Makefile: {"tabSize":4,"indentSize":4,"insertSpaces":false,"cursorStyle":1,"lineNumbers":1}
stevewwhite/rag-21857/Makefile: {"tabSize":4,"indentSize":4,"insertSpaces":false,"cursorStyle":1,"lineNumbers":1}
stevewwhite/rag-21857/Makefile: Using EditorConfig core...
stevewwhite/rag-21857/Makefile: Using EditorConfig core...
stevewwhite/rag-21857/Makefile: {"tabSize":4,"indentSize":4,"insertSpaces":false,"cursorStyle":1,"lineNumbers":1}
stevewwhite/rag-21857/Makefile: Using EditorConfig core...
stevewwhite/rag-21857/Makefile: Using EditorConfig core...
stevewwhite/rag-21857/Makefile: Using EditorConfig core...
stevewwhite/rag-21857/Makefile: Using EditorConfig core...
stevewwhite/rag-21857/Makefile: Using EditorConfig core...
stevewwhite/rag-21857/.env: {"tabSize":4,"indentSize":4,"insertSpaces":true,"cursorStyle":1,"lineNumbers":1}
stevewwhite/rag-21857/.env: {"tabSize":4,"indentSize":4,"insertSpaces":true,"cursorStyle":1,"lineNumbers":1}
stevewwhite/rag-21857/Makefile: {"tabSize":4,"indentSize":4,"insertSpaces":false,"cursorStyle":1,"lineNumbers":1}
stevewwhite/rag-21857/rag/agent.py: {"tabSize":4,"indentSize":4,"insertSpaces":true,"cursorStyle":1,"lineNumbers":1}
stevewwhite/rag-21857/rag/agent.py: {"tabSize":4,"indentSize":4,"insertSpaces":true,"cursorStyle":1,"lineNumbers":1}
stevewwhite/rag-21857/rag/agent.py: {"tabSize":4,"indentSize":4,"insertSpaces":true,"cursorStyle":1,"lineNumbers":1}
stevewwhite/rag-21857/rag/agent.py: Using EditorConfig core...
stevewwhite/rag-21857/rag/agent.py: Using EditorConfig core...
stevewwhite/rag-21857/rag/agent.py: Using EditorConfig core...
stevewwhite/rag-21857/rag/agent.py: {"tabSize":4,"indentSize":4,"insertSpaces":true,"cursorStyle":1,"lineNumbers":1}
stevewwhite/rag-21857/.env: {"tabSize":4,"indentSize":4,"insertSpaces":true,"cursorStyle":1,"lineNumbers":1}
stevewwhite/rag-21857/.env: {"tabSize":4,"indentSize":4,"insertSpaces":true,"cursorStyle":1,"lineNumbers":1}
stevewwhite/rag-21857/.env: {"tabSize":4,"indentSize":4,"insertSpaces":true,"cursorStyle":1,"lineNumbers":1}
stevewwhite/rag-21857/.env: {"tabSize":4,"indentSize":4,"insertSpaces":true,"cursorStyle":1,"lineNumbers":1}
stevewwhite/rag-21857/rag/agent_engine_app.py: {"tabSize":4,"indentSize":4,"insertSpaces":true,"cursorStyle":1,"lineNumbers":1}
stevewwhite/rag-21857/rag/agent_engine_app.py: {"tabSize":4,"indentSize":4,"insertSpaces":true,"cursorStyle":1,"lineNumbers":1}
stevewwhite/rag-21857/rag/agent_engine_app.py: {"tabSize":4,"indentSize":4,"insertSpaces":true,"cursorStyle":1,"lineNumbers":1}
stevewwhite/rag-21857/rag/agent_engine_app.py: {"tabSize":4,"indentSize":4,"insertSpaces":true,"cursorStyle":1,"lineNumbers":1}
stevewwhite/rag-21857/rag/agent.py: {"tabSize":4,"indentSize":4,"insertSpaces":true,"cursorStyle":1,"lineNumbers":1}
stevewwhite/rag-21857/rag/agent_engine_app.py: {"tabSize":4,"indentSize":4,"insertSpaces":true,"cursorStyle":1,"lineNumbers":1}
stevewwhite/rag-21857/Makefile: {"tabSize":4,"indentSize":4,"insertSpaces":false,"cursorStyle":1,"lineNumbers":1}
No more open editors.
No more open editors.
No more open editors.
stevewwhite/rag-21857/agent.py: {"tabSize":4,"indentSize":4,"insertSpaces":true,"cursorStyle":1,"lineNumbers":1}
stevewwhite/rag-21857/agent.py: {"tabSize":4,"indentSize":4,"insertSpaces":true,"cursorStyle":1,"lineNumbers":1}
stevewwhite/rag-21857/agent.py: {"tabSize":4,"indentSize":4,"insertSpaces":true,"cursorStyle":1,"lineNumbers":1}
stevewwhite/rag-21857/agent.py: {"tabSize":4,"indentSize":4,"insertSpaces":true,"cursorStyle":1,"lineNumbers":1}
stevewwhite/rag-21857/agent.py: Using EditorConfig core...
stevewwhite/rag-21857/agent.py: Using EditorConfig core...
stevewwhite/rag-21857/agent.py: {"tabSize":4,"indentSize":4,"insertSpaces":true,"cursorStyle":1,"lineNumbers":1}
stevewwhite/rag-21857/agent.py: {"tabSize":4,"indentSize":4,"insertSpaces":true,"cursorStyle":1,"lineNumbers":1}
stevewwhite/rag-21857/agent.py: {"tabSize":4,"indentSize":4,"insertSpaces":true,"cursorStyle":1,"lineNumbers":1}
stevewwhite/rag-21857/agent.py: {"tabSize":4,"indentSize":4,"insertSpaces":true,"cursorStyle":1,"lineNumbers":1}
stevewwhite/rag-21857/agent.py: Using EditorConfig core...
stevewwhite/rag-21857/agent.py: Using EditorConfig core...
stevewwhite/rag-21857/agent.py: {"tabSize":4,"indentSize":4,"insertSpaces":true,"cursorStyle":1,"lineNumbers":1}
stevewwhite/rag-21857/agent.py: {"tabSize":4,"indentSize":4,"insertSpaces":true,"cursorStyle":1,"lineNumbers":1}
stevewwhite/rag-21857/agent.py: Using EditorConfig core...
stevewwhite/rag-21857/agent.py: Using EditorConfig core...
stevewwhite/rag-21857/agent.py: {"tabSize":4,"indentSize":4,"insertSpaces":true,"cursorStyle":1,"lineNumbers":1}
stevewwhite/rag-21857/.env: {"tabSize":4,"indentSize":4,"insertSpaces":true,"cursorStyle":1,"lineNumbers":1}
stevewwhite/rag-21857/.env: {"tabSize":4,"indentSize":4,"insertSpaces":true,"cursorStyle":1,"lineNumbers":1}
stevewwhite/rag-21857/.env: {"tabSize":4,"indentSize":4,"insertSpaces":true,"cursorStyle":1,"lineNumbers":1}
stevewwhite/rag-21857/.env: {"tabSize":4,"indentSize":4,"insertSpaces":true,"cursorStyle":1,"lineNumbers":1}
stevewwhite/rag-21857/.env: Using EditorConfig core...
stevewwhite/rag-21857/.env: Using EditorConfig core...
stevewwhite/rag-21857/.env: {"tabSize":4,"indentSize":4,"insertSpaces":true,"cursorStyle":1,"lineNumbers":1}
stevewwhite/rag-21857/.env: {"tabSize":4,"indentSize":4,"insertSpaces":true,"cursorStyle":1,"lineNumbers":1}
stevewwhite/rag-21857/.env: {"tabSize":4,"indentSize":4,"insertSpaces":true,"cursorStyle":1,"lineNumbers":1}
stevewwhite/rag-21857/.env: Using EditorConfig core...
stevewwhite/rag-21857/agent.py: {"tabSize":4,"indentSize":4,"insertSpaces":true,"cursorStyle":1,"lineNumbers":1}
stevewwhite/rag-21857/agent.py: {"tabSize":4,"indentSize":4,"insertSpaces":true,"cursorStyle":1,"lineNumbers":1}
stevewwhite/rag-21857/agent.py: {"tabSize":4,"indentSize":4,"insertSpaces":true,"cursorStyle":1,"lineNumbers":1}
stevewwhite/rag-21857/agent.py: {"tabSize":4,"indentSize":4,"insertSpaces":true,"cursorStyle":1,"lineNumbers":1}
stevewwhite/rag-21857/agent.py: Using EditorConfig core...
stevewwhite/rag-21857/agent.py: Using EditorConfig core...
stevewwhite/rag-21857/agent.py: {"tabSize":4,"indentSize":4,"insertSpaces":true,"cursorStyle":1,"lineNumbers":1}
stevewwhite/rag-21857/direct_audit.py: {"tabSize":4,"indentSize":4,"insertSpaces":true,"cursorStyle":1,"lineNumbers":1}
stevewwhite/rag-21857/direct_audit.py: {"tabSize":4,"indentSize":4,"insertSpaces":true,"cursorStyle":1,"lineNumbers":1}
stevewwhite/rag-21857/direct_audit.py: {"tabSize":4,"indentSize":4,"insertSpaces":true,"cursorStyle":1,"lineNumbers":1}
stevewwhite/rag-21857/direct_audit.py: {"tabSize":4,"indentSize":4,"insertSpaces":true,"cursorStyle":1,"lineNumbers":1}
stevewwhite/rag-21857/direct_audit.py: Using EditorConfig core...
stevewwhite/rag-21857/direct_audit.py: {"tabSize":4,"indentSize":4,"insertSpaces":true,"cursorStyle":1,"lineNumbers":1}
stevewwhite/rag-21857/direct_audit.py: Using EditorConfig core...
stevewwhite/rag-21857/direct_audit.py: Using EditorConfig core...
stevewwhite/rag-21857/direct_audit.py: {"tabSize":4,"indentSize":4,"insertSpaces":true,"cursorStyle":1,"lineNumbers":1}
stevewwhite/rag-21857/direct_audit.py: {"tabSize":4,"indentSize":4,"insertSpaces":true,"cursorStyle":1,"lineNumbers":1}
stevewwhite/rag-21857/direct_audit.py: Using EditorConfig core...
stevewwhite/rag-21857/direct_audit.py: Using EditorConfig core...
stevewwhite/rag-21857/direct_audit.py: {"tabSize":4,"indentSize":4,"insertSpaces":true,"cursorStyle":1,"lineNumbers":1}
stevewwhite/rag-21857/direct_audit.py: Using EditorConfig core...
stevewwhite/rag-21857/direct_audit.py: Using EditorConfig core...
stevewwhite/rag-21857/direct_audit.py: {"tabSize":4,"indentSize":4,"insertSpaces":true,"cursorStyle":1,"lineNumbers":1}
stevewwhite/rag-21857/direct_audit.py: {"tabSize":4,"indentSize":4,"insertSpaces":true,"cursorStyle":1,"lineNumbers":1}
stevewwhite/rag-21857/direct_audit.py: Using EditorConfig core...
stevewwhite/rag-21857/direct_audit.py: Using EditorConfig core...
stevewwhite/rag-21857/direct_audit.py: {"tabSize":4,"indentSize":4,"insertSpaces":true,"cursorStyle":1,"lineNumbers":1}
stevewwhite/rag-21857/direct_audit.py: Using EditorConfig core...
stevewwhite/rag-21857/direct_audit.py: {"tabSize":4,"indentSize":4,"insertSpaces":true,"cursorStyle":1,"lineNumbers":1}
stevewwhite/rag-21857/direct_audit.py: Using EditorConfig core...
stevewwhite/rag-21857/direct_audit.py: Using EditorConfig core...
stevewwhite/rag-21857/direct_audit.py: {"tabSize":4,"indentSize":4,"insertSpaces":true,"cursorStyle":1,"lineNumbers":1}
stevewwhite/rag-21857/direct_audit.py: {"tabSize":4,"indentSize":4,"insertSpaces":true,"cursorStyle":1,"lineNumbers":1}
stevewwhite/rag-21857/direct_audit.py: {"tabSize":4,"indentSize":4,"insertSpaces":true,"cursorStyle":1,"lineNumbers":1}
stevewwhite/rag-21857/direct_audit.py: Using EditorConfig core...
stevewwhite/rag-21857/direct_audit.py: Using EditorConfig core...
stevewwhite/rag-21857/direct_audit.py: {"tabSize":4,"indentSize":4,"insertSpaces":true,"cursorStyle":1,"lineNumbers":1}
stevewwhite/rag-21857/direct_audit.py: {"tabSize":4,"indentSize":4,"insertSpaces":true,"cursorStyle":1,"lineNumbers":1}
stevewwhite/rag-21857/direct_audit.py: {"tabSize":4,"indentSize":4,"insertSpaces":true,"cursorStyle":1,"lineNumbers":1}
stevewwhite/rag-21857/direct_audit.py: Using EditorConfig core...
stevewwhite/rag-21857/direct_audit.py: Using EditorConfig core...
stevewwhite/rag-21857/refresh_corpus.py: {"tabSize":4,"indentSize":4,"insertSpaces":true,"cursorStyle":1,"lineNumbers":1}
stevewwhite/rag-21857/refresh_corpus.py: {"tabSize":4,"indentSize":4,"insertSpaces":true,"cursorStyle":1,"lineNumbers":1}
stevewwhite/rag-21857/refresh_corpus.py: {"tabSize":4,"indentSize":4,"insertSpaces":true,"cursorStyle":1,"lineNumbers":1}
stevewwhite/rag-21857/refresh_corpus.py: {"tabSize":4,"indentSize":4,"insertSpaces":true,"cursorStyle":1,"lineNumbers":1}
stevewwhite/rag-21857/refresh_corpus.py: Using EditorConfig core...
stevewwhite/rag-21857/refresh_corpus.py: {"tabSize":4,"indentSize":4,"insertSpaces":true,"cursorStyle":1,"lineNumbers":1}
stevewwhite/rag-21857/refresh_corpus.py: Using EditorConfig core...
stevewwhite/rag-21857/refresh_corpus.py: Using EditorConfig core...
stevewwhite/rag-21857/refresh_corpus.py: {"tabSize":4,"indentSize":4,"insertSpaces":true,"cursorStyle":1,"lineNumbers":1}
stevewwhite/rag-21857/nyc_audit.py: {"tabSize":4,"indentSize":4,"insertSpaces":true,"cursorStyle":1,"lineNumbers":1}
stevewwhite/rag-21857/nyc_audit.py: {"tabSize":4,"indentSize":4,"insertSpaces":true,"cursorStyle":1,"lineNumbers":1}
stevewwhite/rag-21857/nyc_audit.py: {"tabSize":4,"indentSize":4,"insertSpaces":true,"cursorStyle":1,"lineNumbers":1}
stevewwhite/rag-21857/nyc_audit.py: {"tabSize":4,"indentSize":4,"insertSpaces":true,"cursorStyle":1,"lineNumbers":1}
stevewwhite/rag-21857/nyc_audit.py: Using EditorConfig core...
stevewwhite/rag-21857/nyc_audit.py: {"tabSize":4,"indentSize":4,"insertSpaces":true,"cursorStyle":1,"lineNumbers":1}
stevewwhite/rag-21857/nyc_audit.py: Using EditorConfig core...
stevewwhite/rag-21857/nyc_audit.py: {"tabSize":4,"indentSize":4,"insertSpaces":true,"cursorStyle":1,"lineNumbers":1}
stevewwhite/rag-21857/nyc_audit.py: {"tabSize":4,"indentSize":4,"insertSpaces":true,"cursorStyle":1,"lineNumbers":1}
stevewwhite/rag-21857/nyc_audit.py: {"tabSize":4,"indentSize":4,"insertSpaces":true,"cursorStyle":1,"lineNumbers":1}
stevewwhite/rag-21857/nyc_audit.py: Using EditorConfig core...
stevewwhite/rag-21857/nyc_audit.py: {"tabSize":4,"indentSize":4,"insertSpaces":true,"cursorStyle":1,"lineNumbers":1}
stevewwhite/rag-21857/nyc_audit.py: {"tabSize":4,"indentSize":4,"insertSpaces":true,"cursorStyle":1,"lineNumbers":1}
stevewwhite/rag-21857/nyc_audit.py: Using EditorConfig core...
stevewwhite/rag-21857/nyc_audit.py: Using EditorConfig core...
stevewwhite/rag-21857/nyc_audit.py: {"tabSize":4,"indentSize":4,"insertSpaces":true,"cursorStyle":1,"lineNumbers":1}
stevewwhite/rag-21857/nyc_audit.py: Using EditorConfig core...
stevewwhite/rag-21857/nyc_audit.py: Using EditorConfig core...
stevewwhite/rag-21857/nyc_audit.py: {"tabSize":4,"indentSize":4,"insertSpaces":true,"cursorStyle":1,"lineNumbers":1}
stevewwhite/rag-21857/nyc_audit.py: Using EditorConfig core...
stevewwhite/rag-21857/nyc_audit.py: Using EditorConfig core...
stevewwhite/rag-21857/nyc_audit.py: {"tabSize":4,"indentSize":4,"insertSpaces":true,"cursorStyle":1,"lineNumbers":1}
stevewwhite/rag-21857/nyc_audit.py: Using EditorConfig core...
stevewwhite/rag-21857/nyc_audit.py: Using EditorConfig core...
stevewwhite/rag-21857/nyc_audit.py: {"tabSize":4,"indentSize":4,"insertSpaces":true,"cursorStyle":1,"lineNumbers":1}
stevewwhite/rag-21857/nyc_audit.py: Using EditorConfig core...
stevewwhite/rag-21857/nyc_audit.py: Using EditorConfig core...
stevewwhite/rag-21857/nyc_audit.py: {"tabSize":4,"indentSize":4,"insertSpaces":true,"cursorStyle":1,"lineNumbers":1}
stevewwhite/rag-21857/nyc_audit.py: {"tabSize":4,"indentSize":4,"insertSpaces":true,"cursorStyle":1,"lineNumbers":1}
stevewwhite/rag-21857/nyc_audit.py: Using EditorConfig core...
stevewwhite/rag-21857/nyc_audit.py: Using EditorConfig core...
stevewwhite/rag-21857/nyc_audit.py: {"tabSize":4,"indentSize":4,"insertSpaces":true,"cursorStyle":1,"lineNumbers":1}
stevewwhite/rag-21857/nyc_audit.py: {"tabSize":4,"indentSize":4,"insertSpaces":true,"cursorStyle":1,"lineNumbers":1}
stevewwhite/rag-21857/nyc_audit.py: Using EditorConfig core...
stevewwhite/rag-21857/nyc_audit.py: Using EditorConfig core...
stevewwhite/rag-21857/nyc_audit.py: {"tabSize":4,"indentSize":4,"insertSpaces":true,"cursorStyle":1,"lineNumbers":1}
stevewwhite/rag-21857/system_check.py: {"tabSize":4,"indentSize":4,"insertSpaces":true,"cursorStyle":1,"lineNumbers":1}
stevewwhite/rag-21857/system_check.py: {"tabSize":4,"indentSize":4,"insertSpaces":true,"cursorStyle":1,"lineNumbers":1}
stevewwhite/rag-21857/system_check.py: {"tabSize":4,"indentSize":4,"insertSpaces":true,"cursorStyle":1,"lineNumbers":1}
stevewwhite/rag-21857/system_check.py: {"tabSize":4,"indentSize":4,"insertSpaces":true,"cursorStyle":1,"lineNumbers":1}
stevewwhite/rag-21857/system_check.py: Using EditorConfig core...
stevewwhite/rag-21857/system_check.py: Using EditorConfig core...
stevewwhite/rag-21857/system_check.py: {"tabSize":4,"indentSize":4,"insertSpaces":true,"cursorStyle":1,"lineNumbers":1}
stevewwhite/rag-21857/nyc_audit.py: {"tabSize":4,"indentSize":4,"insertSpaces":true,"cursorStyle":1,"lineNumbers":1}
stevewwhite/rag-21857/nyc_audit.py: {"tabSize":4,"indentSize":4,"insertSpaces":true,"cursorStyle":1,"lineNumbers":1}
stevewwhite/rag-21857/nyc_audit.py: {"tabSize":4,"indentSize":4,"insertSpaces":true,"cursorStyle":1,"lineNumbers":1}
stevewwhite/rag-21857/nyc_audit.py: Using EditorConfig core...
stevewwhite/rag-21857/nyc_audit.py: Using EditorConfig core...
stevewwhite/rag-21857/nyc_audit.py: Using EditorConfig core...
stevewwhite/rag-21857/nyc_audit.py: {"tabSize":4,"indentSize":4,"insertSpaces":true,"cursorStyle":1,"lineNumbers":1}
stevewwhite/rag-21857/nyc_audit.py: {"tabSize":4,"indentSize":4,"insertSpaces":true,"cursorStyle":1,"lineNumbers":1}
stevewwhite/rag-21857/nyc_audit.py: {"tabSize":4,"indentSize":4,"insertSpaces":true,"cursorStyle":1,"lineNumbers":1}
stevewwhite/rag-21857/nyc_audit.py: Using EditorConfig core...
stevewwhite/rag-21857/nyc_audit.py: {"tabSize":4,"indentSize":4,"insertSpaces":true,"cursorStyle":1,"lineNumbers":1}
stevewwhite/rag-21857/nyc_audit.py: Using EditorConfig core...
stevewwhite/rag-21857/ping.py: {"tabSize":4,"indentSize":4,"insertSpaces":true,"cursorStyle":1,"lineNumbers":1}
stevewwhite/rag-21857/ping.py: {"tabSize":4,"indentSize":4,"insertSpaces":true,"cursorStyle":1,"lineNumbers":1}
stevewwhite/rag-21857/ping.py: {"tabSize":4,"indentSize":4,"insertSpaces":true,"cursorStyle":1,"lineNumbers":1}
stevewwhite/rag-21857/ping.py: {"tabSize":4,"indentSize":4,"insertSpaces":true,"cursorStyle":1,"lineNumbers":1}
stevewwhite/rag-21857/ping.py: Using EditorConfig core...
stevewwhite/rag-21857/ping.py: Using EditorConfig core...
stevewwhite/rag-21857/ping.py: Using EditorConfig core...
stevewwhite/rag-21857/ping.py: {"tabSize":4,"indentSize":4,"insertSpaces":true,"cursorStyle":1,"lineNumbers":1}
stevewwhite/rag-21857/ping.py: {"tabSize":4,"indentSize":4,"insertSpaces":true,"cursorStyle":1,"lineNumbers":1}
stevewwhite/rag-21857/ping.py: Using EditorConfig core...
stevewwhite/rag-21857/ping.py: Using EditorConfig core...
stevewwhite/rag-21857/ping.py: {"tabSize":4,"indentSize":4,"insertSpaces":true,"cursorStyle":1,"lineNumbers":1}
stevewwhite/rag-21857/nyc_audit.py: {"tabSize":4,"indentSize":4,"insertSpaces":true,"cursorStyle":1,"lineNumbers":1}
stevewwhite/rag-21857/nyc_audit.py: {"tabSize":4,"indentSize":4,"insertSpaces":true,"cursorStyle":1,"lineNumbers":1}
stevewwhite/rag-21857/nyc_audit.py: {"tabSize":4,"indentSize":4,"insertSpaces":true,"cursorStyle":1,"lineNumbers":1}
stevewwhite/rag-21857/nyc_audit.py: Using EditorConfig core...
stevewwhite/rag-21857/nyc_audit.py: {"tabSize":4,"indentSize":4,"insertSpaces":true,"cursorStyle":1,"lineNumbers":1}
stevewwhite/rag-21857/nyc_audit.py: {"tabSize":4,"indentSize":4,"insertSpaces":true,"cursorStyle":1,"lineNumbers":1}
stevewwhite/rag-21857/nyc_audit.py: {"tabSize":4,"indentSize":4,"insertSpaces":true,"cursorStyle":1,"lineNumbers":1}
stevewwhite/rag-21857/nyc_audit.py: {"tabSize":4,"indentSize":4,"insertSpaces":true,"cursorStyle":1,"lineNumbers":1}
stevewwhite/rag-21857/nyc_audit.py: Using EditorConfig core...
stevewwhite/rag-21857/nyc_audit.py: {"tabSize":4,"indentSize":4,"insertSpaces":true,"cursorStyle":1,"lineNumbers":1}
stevewwhite/rag-21857/nyc_audit.py: Using EditorConfig core...
stevewwhite/rag-21857/nyc_audit.py: {"tabSize":4,"indentSize":4,"insertSpaces":true,"cursorStyle":1,"lineNumbers":1}
stevewwhite/rag-21857/nyc_audit.py: {"tabSize":4,"indentSize":4,"insertSpaces":true,"cursorStyle":1,"lineNumbers":1}
stevewwhite/rag-21857/nyc_audit.py: Using EditorConfig core...
stevewwhite/rag-21857/nyc_audit.py: Using EditorConfig core...
stevewwhite/rag-21857/nyc_audit.py: {"tabSize":4,"indentSize":4,"insertSpaces":true,"cursorStyle":1,"lineNumbers":1}
stevewwhite/rag-21857/nyc_audit.py: {"tabSize":4,"indentSize":4,"insertSpaces":true,"cursorStyle":1,"lineNumbers":1}
stevewwhite/rag-21857/nyc_audit.py: Using EditorConfig core...
stevewwhite/rag-21857/nyc_audit.py: {"tabSize":4,"indentSize":4,"insertSpaces":true,"cursorStyle":1,"lineNumbers":1}
stevewwhite/rag-21857/nyc_audit.py: Using EditorConfig core...
stevewwhite/rag-21857/nyc_audit.py: Using EditorConfig core...
stevewwhite/rag-21857/nyc_audit.py: {"tabSize":4,"indentSize":4,"insertSpaces":true,"cursorStyle":1,"lineNumbers":1}
stevewwhite/rag-21857/nyc_audit.py: {"tabSize":4,"indentSize":4,"insertSpaces":true,"cursorStyle":1,"lineNumbers":1}
stevewwhite/rag-21857/nyc_audit.py: Using EditorConfig core...
stevewwhite/rag-21857/nyc_audit.py: Using EditorConfig core...
stevewwhite/rag-21857/deployment_metadata.json: {"tabSize":2,"indentSize":2,"insertSpaces":true,"cursorStyle":1,"lineNumbers":1}
stevewwhite/rag-21857/deployment_metadata.json: {"tabSize":2,"indentSize":2,"insertSpaces":true,"cursorStyle":1,"lineNumbers":1}
stevewwhite/rag-21857/deployment_metadata.json: {"tabSize":2,"indentSize":2,"insertSpaces":true,"cursorStyle":1,"lineNumbers":1}
stevewwhite/rag-21857/deployment_metadata.json: {"tabSize":2,"indentSize":2,"insertSpaces":true,"cursorStyle":1,"lineNumbers":1}
stevewwhite/rag-21857/deployment_metadata.json: {"tabSize":2,"indentSize":2,"insertSpaces":true,"cursorStyle":1,"lineNumbers":1}
stevewwhite/rag-21857/deployment_metadata.json: {"tabSize":2,"indentSize":2,"insertSpaces":true,"cursorStyle":1,"lineNumbers":1}
stevewwhite/rag-21857/deployment_metadata.json: Using EditorConfig core...
stevewwhite/rag-21857/deployment_metadata.json: Using EditorConfig core...
stevewwhite/rag-21857/deployment_metadata.json: Using EditorConfig core...
stevewwhite/rag-21857/deployment_metadata.json: Using EditorConfig core...
stevewwhite/rag-21857/deployment_metadata.json: {"tabSize":2,"indentSize":2,"insertSpaces":true,"cursorStyle":1,"lineNumbers":1}
stevewwhite/rag-21857/nyc_audit.py: {"tabSize":4,"indentSize":4,"insertSpaces":true,"cursorStyle":1,"lineNumbers":1}
stevewwhite/rag-21857/nyc_audit.py: {"tabSize":4,"indentSize":4,"insertSpaces":true,"cursorStyle":1,"lineNumbers":1}
stevewwhite/rag-21857/ping.py: {"tabSize":4,"indentSize":4,"insertSpaces":true,"cursorStyle":1,"lineNumbers":1}
stevewwhite/rag-21857/system_check.py: {"tabSize":4,"indentSize":4,"insertSpaces":true,"cursorStyle":1,"lineNumbers":1}
stevewwhite/rag-21857/.env: {"tabSize":4,"indentSize":4,"insertSpaces":true,"cursorStyle":1,"lineNumbers":1}
No more open editors.
No more open editors.
