2026-03-01 23:16:27.983 [info] [main] Log level: Info
2026-03-01 23:16:27.983 [info] [main] Validating found git in: "git"
2026-03-01 23:16:27.983 [info] [main] Using git "2.43.0" from "git"
2026-03-01 23:16:27.983 [info] [Model][doInitialScan] Initial repository scan started
2026-03-01 23:16:27.983 [info] > git rev-parse --show-toplevel [3ms]
2026-03-01 23:16:27.983 [info] fatal: not a git repository (or any parent up to mount point /)
Stopping at filesystem boundary (GIT_DISCOVERY_ACROSS_FILESYSTEM not set).
2026-03-01 23:16:27.983 [info] > git rev-parse --show-toplevel [2ms]
2026-03-01 23:16:27.983 [info] fatal: not a git repository (or any parent up to mount point /)
Stopping at filesystem boundary (GIT_DISCOVERY_ACROSS_FILESYSTEM not set).
2026-03-01 23:16:27.983 [info] > git rev-parse --show-toplevel [2ms]
2026-03-01 23:16:27.983 [info] fatal: not a git repository (or any parent up to mount point /)
Stopping at filesystem boundary (GIT_DISCOVERY_ACROSS_FILESYSTEM not set).
2026-03-01 23:16:27.983 [info] > git rev-parse --show-toplevel [2ms]
2026-03-01 23:16:27.983 [info] fatal: not a git repository (or any parent up to mount point /)
Stopping at filesystem boundary (GIT_DISCOVERY_ACROSS_FILESYSTEM not set).
2026-03-01 23:16:27.983 [info] > git rev-parse --show-toplevel [2ms]
2026-03-01 23:16:27.983 [info] fatal: not a git repository (or any parent up to mount point /)
Stopping at filesystem boundary (GIT_DISCOVERY_ACROSS_FILESYSTEM not set).
2026-03-01 23:16:27.983 [info] > git rev-parse --show-toplevel [2ms]
2026-03-01 23:16:27.983 [info] fatal: not a git repository (or any parent up to mount point /)
Stopping at filesystem boundary (GIT_DISCOVERY_ACROSS_FILESYSTEM not set).
2026-03-01 23:16:27.983 [info] > git rev-parse --show-toplevel [3ms]
2026-03-01 23:16:27.983 [info] fatal: not a git repository (or any parent up to mount point /)
Stopping at filesystem boundary (GIT_DISCOVERY_ACROSS_FILESYSTEM not set).
2026-03-01 23:16:27.983 [info] > git rev-parse --show-toplevel [3ms]
2026-03-01 23:16:27.983 [info] fatal: not a git repository (or any parent up to mount point /)
Stopping at filesystem boundary (GIT_DISCOVERY_ACROSS_FILESYSTEM not set).
2026-03-01 23:16:27.983 [info] > git rev-parse --show-toplevel [2ms]
2026-03-01 23:16:27.983 [info] fatal: not a git repository (or any parent up to mount point /)
Stopping at filesystem boundary (GIT_DISCOVERY_ACROSS_FILESYSTEM not set).
2026-03-01 23:16:27.983 [info] > git rev-parse --show-toplevel [2ms]
2026-03-01 23:16:27.983 [info] fatal: not a git repository (or any parent up to mount point /)
Stopping at filesystem boundary (GIT_DISCOVERY_ACROSS_FILESYSTEM not set).
2026-03-01 23:16:27.983 [info] > git rev-parse --show-toplevel [2ms]
2026-03-01 23:16:27.983 [info] fatal: not a git repository (or any parent up to mount point /)
Stopping at filesystem boundary (GIT_DISCOVERY_ACROSS_FILESYSTEM not set).
2026-03-01 23:16:27.983 [info] > git rev-parse --show-toplevel [3ms]
2026-03-01 23:16:27.983 [info] fatal: not a git repository (or any parent up to mount point /)
Stopping at filesystem boundary (GIT_DISCOVERY_ACROSS_FILESYSTEM not set).
2026-03-01 23:16:27.983 [info] > git rev-parse --show-toplevel [2ms]
2026-03-01 23:16:27.983 [info] fatal: not a git repository (or any parent up to mount point /)
Stopping at filesystem boundary (GIT_DISCOVERY_ACROSS_FILESYSTEM not set).
2026-03-01 23:16:27.983 [info] [Model][doInitialScan] Initial repository scan completed - repositories (0), closed repositories (0), parent repositories (0), unsafe repositories (0)
2026-03-01 23:16:32.530 [info] > git rev-parse --show-toplevel [4ms]
2026-03-01 23:16:32.531 [info] fatal: not a git repository (or any parent up to mount point /)
Stopping at filesystem boundary (GIT_DISCOVERY_ACROSS_FILESYSTEM not set).
2026-03-01 23:16:43.511 [info] > git rev-parse --show-toplevel [14ms]
2026-03-01 23:16:43.511 [info] fatal: not a git repository (or any parent up to mount point /)
Stopping at filesystem boundary (GIT_DISCOVERY_ACROSS_FILESYSTEM not set).
2026-03-01 23:16:45.352 [info] > git rev-parse --show-toplevel [4ms]
2026-03-01 23:16:45.352 [info] fatal: not a git repository (or any parent up to mount point /)
Stopping at filesystem boundary (GIT_DISCOVERY_ACROSS_FILESYSTEM not set).
2026-03-01 23:16:54.059 [info] > git rev-parse --show-toplevel [3ms]
2026-03-01 23:16:54.059 [info] fatal: not a git repository (or any parent up to mount point /)
Stopping at filesystem boundary (GIT_DISCOVERY_ACROSS_FILESYSTEM not set).
2026-03-01 23:17:45.945 [info] > git rev-parse --show-toplevel [4ms]
2026-03-01 23:17:45.945 [info] fatal: not a git repository (or any parent up to mount point /)
Stopping at filesystem boundary (GIT_DISCOVERY_ACROSS_FILESYSTEM not set).
2026-03-02 01:15:57.011 [info] > git rev-parse --show-toplevel [66ms]
2026-03-02 01:15:57.012 [info] fatal: not a git repository (or any parent up to mount point /)
Stopping at filesystem boundary (GIT_DISCOVERY_ACROSS_FILESYSTEM not set).
2026-03-02 02:13:53.997 [info] > git rev-parse --show-toplevel [16ms]
2026-03-02 02:13:54.021 [info] fatal: not a git repository (or any parent up to mount point /)
Stopping at filesystem boundary (GIT_DISCOVERY_ACROSS_FILESYSTEM not set).
2026-03-02 02:16:44.191 [info] > git rev-parse --show-toplevel [4ms]
2026-03-02 02:16:44.191 [info] fatal: not a git repository (or any parent up to mount point /)
Stopping at filesystem boundary (GIT_DISCOVERY_ACROSS_FILESYSTEM not set).
