2026-03-28 04:45:12.369 [info] Reading sessions from keychain...
2026-03-28 04:45:12.369 [info] Getting sessions for all scopes...
2026-03-28 04:45:12.369 [info] Got 0 sessions for ...
2026-03-28 04:45:12.369 [info] Getting sessions for all scopes...
2026-03-28 04:45:12.369 [info] Got 0 sessions for ...
2026-03-28 04:45:12.369 [info] Getting sessions for all scopes...
2026-03-28 04:45:12.369 [info] Got 0 sessions for ...
2026-03-28 04:45:12.369 [info] Getting sessions for all scopes...
2026-03-28 04:45:12.369 [info] Got 0 sessions for ...
2026-03-28 04:45:12.369 [info] Getting sessions for all scopes...
2026-03-28 04:45:12.369 [info] Got 0 sessions for ...
2026-03-28 04:45:12.369 [info] Getting sessions for all scopes...
2026-03-28 04:45:12.370 [info] Got 0 sessions for ...
2026-03-28 04:45:12.370 [info] Getting sessions for all scopes...
2026-03-28 04:45:12.370 [info] Got 0 sessions for ...
2026-03-28 04:45:12.370 [info] Getting sessions for all scopes...
2026-03-28 04:45:12.370 [info] Got 0 sessions for ...
2026-03-28 04:45:12.437 [info] Getting sessions for all scopes...
2026-03-28 04:45:12.437 [info] Got 0 sessions for ...
2026-03-28 04:45:12.449 [info] Getting sessions for all scopes...
2026-03-28 04:45:12.449 [info] Got 0 sessions for ...
2026-03-28 04:45:12.450 [info] Getting sessions for all scopes...
2026-03-28 04:45:12.450 [info] Got 0 sessions for ...
2026-03-28 04:45:12.450 [info] Getting sessions for all scopes...
2026-03-28 04:45:12.450 [info] Got 0 sessions for ...
2026-03-28 04:45:12.450 [info] Getting sessions for all scopes...
2026-03-28 04:45:12.450 [info] Got 0 sessions for ...
2026-03-28 04:45:12.450 [info] Getting sessions for all scopes...
2026-03-28 04:45:12.450 [info] Got 0 sessions for ...
2026-03-28 04:45:13.153 [info] Getting sessions for read:user,repo,user:email,workflow...
2026-03-28 04:45:13.153 [info] Got 0 sessions for read:user,repo,user:email,workflow...
2026-03-28 04:45:17.531 [info] Getting sessions for read:user,repo,user:email,workflow...
2026-03-28 04:45:17.532 [info] Got 0 sessions for read:user,repo,user:email,workflow...
