Initializing document watcher...
Document watcher initialized
stevewwhite/rag-21857/agent.py: {"tabSize":4,"indentSize":4,"insertSpaces":true,"cursorStyle":1,"lineNumbers":1}
stevewwhite/rag-21857/agent.py: {"tabSize":4,"indentSize":4,"insertSpaces":true,"cursorStyle":1,"lineNumbers":1}
stevewwhite/rag-21857/agent.py: {"tabSize":4,"indentSize":4,"insertSpaces":true,"cursorStyle":1,"lineNumbers":1}
stevewwhite/rag-21857/agent.py: Using EditorConfig core...
stevewwhite/rag-21857/agent.py: Using EditorConfig core...
stevewwhite/rag-21857/agent.py: {"tabSize":4,"indentSize":4,"insertSpaces":true,"cursorStyle":1,"lineNumbers":1}
stevewwhite/rag-21857/agent.py: Using EditorConfig core...
stevewwhite/rag-21857/agent.py: Using EditorConfig core...
No more open editors.
stevewwhite/sydney-final-push/deploy.py: {"tabSize":4,"indentSize":4,"insertSpaces":true,"cursorStyle":1,"lineNumbers":1}
stevewwhite/sydney-final-push/deploy.py: {"tabSize":4,"indentSize":4,"insertSpaces":true,"cursorStyle":1,"lineNumbers":1}
stevewwhite/sydney-final-push/deploy.py: {"tabSize":4,"indentSize":4,"insertSpaces":true,"cursorStyle":1,"lineNumbers":1}
stevewwhite/sydney-final-push/deploy.py: {"tabSize":4,"indentSize":4,"insertSpaces":true,"cursorStyle":1,"lineNumbers":1}
stevewwhite/sydney-final-push/deploy.py: Using EditorConfig core...
stevewwhite/sydney-final-push/deploy.py: Using EditorConfig core...
stevewwhite/sydney-final-push/deploy.py: Using EditorConfig core...
stevewwhite/sydney-final-push/deploy.py: {"tabSize":4,"indentSize":4,"insertSpaces":true,"cursorStyle":1,"lineNumbers":1}
stevewwhite/sydney-final-push/deploy.py: {"tabSize":4,"indentSize":4,"insertSpaces":true,"cursorStyle":1,"lineNumbers":1}
stevewwhite/sydney-final-push/deploy.py: {"tabSize":4,"indentSize":4,"insertSpaces":true,"cursorStyle":1,"lineNumbers":1}
stevewwhite/sydney-final-push/deploy.py: Using EditorConfig core...
stevewwhite/sydney-final-push/deploy.py: Using EditorConfig core...
stevewwhite/sydney-final-push/deploy.py: {"tabSize":4,"indentSize":4,"insertSpaces":true,"cursorStyle":1,"lineNumbers":1}
stevewwhite/sydney-final-push/deploy.py: {"tabSize":4,"indentSize":4,"insertSpaces":true,"cursorStyle":1,"lineNumbers":1}
