2026-03-02 04:12:30.452 [info] [main] Log level: Info
2026-03-02 04:12:30.452 [info] [main] Validating found git in: "git"
2026-03-02 04:12:30.452 [info] [main] Using git "2.43.0" from "git"
2026-03-02 04:12:30.452 [info] [Model][doInitialScan] Initial repository scan started
2026-03-02 04:12:30.452 [info] > git rev-parse --show-toplevel [6ms]
2026-03-02 04:12:30.452 [info] fatal: not a git repository (or any parent up to mount point /)
Stopping at filesystem boundary (GIT_DISCOVERY_ACROSS_FILESYSTEM not set).
2026-03-02 04:12:30.452 [info] > git rev-parse --show-toplevel [3ms]
2026-03-02 04:12:30.452 [info] fatal: not a git repository (or any parent up to mount point /)
Stopping at filesystem boundary (GIT_DISCOVERY_ACROSS_FILESYSTEM not set).
2026-03-02 04:12:30.452 [info] > git rev-parse --show-toplevel [2ms]
2026-03-02 04:12:30.452 [info] fatal: not a git repository (or any parent up to mount point /)
Stopping at filesystem boundary (GIT_DISCOVERY_ACROSS_FILESYSTEM not set).
2026-03-02 04:12:30.452 [info] > git rev-parse --show-toplevel [2ms]
2026-03-02 04:12:30.452 [info] fatal: not a git repository (or any parent up to mount point /)
Stopping at filesystem boundary (GIT_DISCOVERY_ACROSS_FILESYSTEM not set).
2026-03-02 04:12:30.452 [info] > git rev-parse --show-toplevel [1ms]
2026-03-02 04:12:30.452 [info] fatal: not a git repository (or any parent up to mount point /)
Stopping at filesystem boundary (GIT_DISCOVERY_ACROSS_FILESYSTEM not set).
2026-03-02 04:12:30.452 [info] > git rev-parse --show-toplevel [2ms]
2026-03-02 04:12:30.452 [info] fatal: not a git repository (or any parent up to mount point /)
Stopping at filesystem boundary (GIT_DISCOVERY_ACROSS_FILESYSTEM not set).
2026-03-02 04:12:30.452 [info] > git rev-parse --show-toplevel [1ms]
2026-03-02 04:12:30.452 [info] fatal: not a git repository (or any parent up to mount point /)
Stopping at filesystem boundary (GIT_DISCOVERY_ACROSS_FILESYSTEM not set).
2026-03-02 04:12:30.452 [info] > git rev-parse --show-toplevel [2ms]
2026-03-02 04:12:30.452 [info] fatal: not a git repository (or any parent up to mount point /)
Stopping at filesystem boundary (GIT_DISCOVERY_ACROSS_FILESYSTEM not set).
2026-03-02 04:12:30.452 [info] > git rev-parse --show-toplevel [1ms]
2026-03-02 04:12:30.452 [info] fatal: not a git repository (or any parent up to mount point /)
Stopping at filesystem boundary (GIT_DISCOVERY_ACROSS_FILESYSTEM not set).
2026-03-02 04:12:30.452 [info] > git rev-parse --show-toplevel [2ms]
2026-03-02 04:12:30.452 [info] fatal: not a git repository (or any parent up to mount point /)
Stopping at filesystem boundary (GIT_DISCOVERY_ACROSS_FILESYSTEM not set).
2026-03-02 04:12:30.452 [info] > git rev-parse --show-toplevel [1ms]
2026-03-02 04:12:30.452 [info] fatal: not a git repository (or any parent up to mount point /)
Stopping at filesystem boundary (GIT_DISCOVERY_ACROSS_FILESYSTEM not set).
2026-03-02 04:12:30.452 [info] > git rev-parse --show-toplevel [2ms]
2026-03-02 04:12:30.452 [info] fatal: not a git repository (or any parent up to mount point /)
Stopping at filesystem boundary (GIT_DISCOVERY_ACROSS_FILESYSTEM not set).
2026-03-02 04:12:30.452 [info] > git rev-parse --show-toplevel [2ms]
2026-03-02 04:12:30.452 [info] fatal: not a git repository (or any parent up to mount point /)
Stopping at filesystem boundary (GIT_DISCOVERY_ACROSS_FILESYSTEM not set).
2026-03-02 04:12:30.452 [info] > git rev-parse --show-toplevel [4ms]
2026-03-02 04:12:30.452 [info] fatal: not a git repository (or any parent up to mount point /)
Stopping at filesystem boundary (GIT_DISCOVERY_ACROSS_FILESYSTEM not set).
2026-03-02 04:12:30.452 [info] [Model][doInitialScan] Initial repository scan completed - repositories (0), closed repositories (0), parent repositories (0), unsafe repositories (0)
2026-03-02 04:14:32.326 [info] > git rev-parse --show-toplevel [9ms]
2026-03-02 04:14:32.326 [info] fatal: not a git repository (or any parent up to mount point /)
Stopping at filesystem boundary (GIT_DISCOVERY_ACROSS_FILESYSTEM not set).
2026-03-02 04:14:34.087 [info] > git rev-parse --show-toplevel [9ms]
2026-03-02 04:14:34.087 [info] fatal: not a git repository (or any parent up to mount point /)
Stopping at filesystem boundary (GIT_DISCOVERY_ACROSS_FILESYSTEM not set).
2026-03-02 04:14:39.033 [info] > git rev-parse --show-toplevel [10ms]
2026-03-02 04:14:39.033 [info] fatal: not a git repository (or any parent up to mount point /)
Stopping at filesystem boundary (GIT_DISCOVERY_ACROSS_FILESYSTEM not set).
2026-03-02 05:40:11.331 [info] > git rev-parse --show-toplevel [10ms]
2026-03-02 05:40:11.332 [info] fatal: not a git repository (or any parent up to mount point /)
Stopping at filesystem boundary (GIT_DISCOVERY_ACROSS_FILESYSTEM not set).
2026-03-02 05:41:44.054 [info] > git rev-parse --show-toplevel [3ms]
2026-03-02 05:41:44.054 [info] fatal: not a git repository (or any parent up to mount point /)
Stopping at filesystem boundary (GIT_DISCOVERY_ACROSS_FILESYSTEM not set).
2026-03-02 05:41:56.196 [info] > git rev-parse --show-toplevel [4ms]
2026-03-02 05:41:56.196 [info] fatal: not a git repository (or any parent up to mount point /)
Stopping at filesystem boundary (GIT_DISCOVERY_ACROSS_FILESYSTEM not set).
