Initializing document watcher...
Document watcher initialized
stevewwhite/agent.py: {"tabSize":4,"indentSize":4,"insertSpaces":true,"cursorStyle":1,"lineNumbers":1}
stevewwhite/agent.py: {"tabSize":4,"indentSize":4,"insertSpaces":true,"cursorStyle":1,"lineNumbers":1}
stevewwhite/agent.py: Using EditorConfig core...
stevewwhite/agent.py: Using EditorConfig core...
No more open editors.
stevewwhite/agent.py: {"tabSize":4,"indentSize":4,"insertSpaces":true,"cursorStyle":1,"lineNumbers":1}
stevewwhite/agent.py: {"tabSize":4,"indentSize":4,"insertSpaces":true,"cursorStyle":1,"lineNumbers":1}
stevewwhite/rag-21857/requirements.txt: {"tabSize":4,"indentSize":4,"insertSpaces":true,"cursorStyle":1,"lineNumbers":1}
stevewwhite/rag-21857/requirements.txt: {"tabSize":4,"indentSize":4,"insertSpaces":true,"cursorStyle":1,"lineNumbers":1}
stevewwhite/rag-21857/requirements.txt: {"tabSize":4,"indentSize":4,"insertSpaces":true,"cursorStyle":1,"lineNumbers":1}
stevewwhite/rag-21857/requirements.txt: {"tabSize":4,"indentSize":4,"insertSpaces":true,"cursorStyle":1,"lineNumbers":1}
stevewwhite/rag-21857/requirements.txt: Using EditorConfig core...
stevewwhite/rag-21857/requirements.txt: Using EditorConfig core...
stevewwhite/sydney-deploy-final/agent.py: {"tabSize":4,"indentSize":4,"insertSpaces":true,"cursorStyle":1,"lineNumbers":1}
stevewwhite/sydney-deploy-final/agent.py: {"tabSize":4,"indentSize":4,"insertSpaces":true,"cursorStyle":1,"lineNumbers":1}
stevewwhite/sydney-deploy-final/agent.py: {"tabSize":4,"indentSize":4,"insertSpaces":true,"cursorStyle":1,"lineNumbers":1}
stevewwhite/sydney-deploy-final/agent.py: {"tabSize":4,"indentSize":4,"insertSpaces":true,"cursorStyle":1,"lineNumbers":1}
stevewwhite/sydney-deploy-final/agent.py: {"tabSize":4,"indentSize":4,"insertSpaces":true,"cursorStyle":1,"lineNumbers":1}
stevewwhite/sydney-deploy-final/agent.py: Using EditorConfig core...
stevewwhite/sydney-deploy-final/agent.py: Using EditorConfig core...
stevewwhite/sydney-deploy-final/agent.py: Using EditorConfig core...
stevewwhite/sydney-deploy-final/agent.py: {"tabSize":4,"indentSize":4,"insertSpaces":true,"cursorStyle":1,"lineNumbers":1}
stevewwhite/sydney-deploy-final/agent.py: Using EditorConfig core...
stevewwhite/sydney-deploy-final/agent.py: Using EditorConfig core...
No more open editors.
stevewwhite/sydney-deploy-final/requirements.txt: {"tabSize":4,"indentSize":4,"insertSpaces":true,"cursorStyle":1,"lineNumbers":1}
stevewwhite/sydney-deploy-final/requirements.txt: {"tabSize":4,"indentSize":4,"insertSpaces":true,"cursorStyle":1,"lineNumbers":1}
stevewwhite/sydney-deploy-final/requirements.txt: {"tabSize":4,"indentSize":4,"insertSpaces":true,"cursorStyle":1,"lineNumbers":1}
stevewwhite/sydney-deploy-final/requirements.txt: Using EditorConfig core...
stevewwhite/sydney-deploy-final/requirements.txt: Using EditorConfig core...
